C51 COMPILER V9.01   MAIN                                                                  06/05/2017 22:56:08 PAGE 1   


C51 COMPILER V9.01, COMPILATION OF MODULE MAIN
OBJECT MODULE PLACED IN main.OBJ
COMPILER INVOKED BY: D:\keil\C51\BIN\C51.EXE main.c BROWSE DEBUG OBJECTEXTEND

line level    source

   1          #include<reg51.h>
   2          #include<stdio.h>
   3          #include<intrins.h>
   4          
   5          unsigned char a,flag,flag_uart;
   6          
   7          void init(){
   8   1              TMOD=0x20;
   9   1              PCON=0x80;
  10   1              TH1=0xf4;
  11   1              TL1=0xf4;
  12   1              TR1=1;
  13   1              SCON=0x50;
  14   1              EA=1;
  15   1              ES=1;
  16   1      }
  17          
  18          void main(){
  19   1              init();
  20   1              TI=1;
  21   1              puts("发送字符c输出中文");
  22   1              puts("发送字符e输出英文");
  23   1              puts("发送其他字符请重新输入！\n");
  24   1              while(!TI);
  25   1              TI=0;
  26   1              while(1){
  27   2                      if(flag_uart==1){
  28   3                              flag_uart=0;
  29   3                              ES=0;
  30   3                              TI=1;
  31   3                              switch(flag){
  32   4                                      case 0:puts("hello world!");
  33   4                                              break;
  34   4                                      case 1:printf("你好!\n");
  35   4                                              break;
  36   4                                      case 2:break;
  37   4                                      case 3:puts("please input again!\n");
  38   4                                              break;
  39   4                              }
  40   3                              while(!TI);
  41   3                              TI=0;
  42   3                              ES=1;
  43   3                      }               
  44   2              }
  45   1      }
  46          
  47          void ser() interrupt 4{
  48   1              RI=0;
  49   1              a=SBUF;
  50   1              flag_uart=1;
  51   1              if(a=='e')
  52   1                      flag=0;
  53   1              else if(a=='c')
  54   1                              flag=1;
  55   1                      else if(a=='\0')
C51 COMPILER V9.01   MAIN                                                                  06/05/2017 22:56:08 PAGE 2   

  56   1                                      flag=2;
  57   1                              else
  58   1                                      flag=3;
  59   1      }


MODULE INFORMATION:   STATIC OVERLAYABLE
   CODE SIZE        =    170    ----
   CONSTANT SIZE    =    103    ----
   XDATA SIZE       =   ----    ----
   PDATA SIZE       =   ----    ----
   DATA SIZE        =      3    ----
   IDATA SIZE       =   ----    ----
   BIT SIZE         =   ----    ----
END OF MODULE INFORMATION.


C51 COMPILATION COMPLETE.  0 WARNING(S),  0 ERROR(S)
