C51 COMPILER V9.01   MAIN                                                                  11/26/2016 20:54:54 PAGE 1   


C51 COMPILER V9.01, COMPILATION OF MODULE MAIN
OBJECT MODULE PLACED IN main.OBJ
COMPILER INVOKED BY: D:\keil\C51\BIN\C51.EXE main.c BROWSE DEBUG OBJECTEXTEND

line level    source

   1          #include <reg51.H>
   2           
   3          unsigned char code table[]={0xfe,0xfd,0xfb,0xf7, 0xef,0xdf,0xbf,0x7f, 0xfe,0xfd,0xfb,0xf7, 0xef,0xdf,0xbf,
             -0x7f, 0x7f,0xbf,0xdf,0xef, 0xf7,0xfb,0xfd,0xfe, 0x7f,0xbf,0xdf,0xef, 0xf7,0xfb,0xfd,0xfe, 0x00,0xff,0x00,0xff, 0x01};
   4          unsigned char i;
   5          
   6          void delay(void) 
   7          { unsigned char m,n,s; 
   8   1        for(m=20;m>0;m--) 
   9   1          for(n=20;n>0;n--)
  10   1               for(s=248;s>0;s--); 
  11   1      }
  12          
  13          
  14          void main(void)
  15          { 
  16   1        while(1)
  17   1         {
  18   2          if(table[i]!=0x01)
  19   2               { P1=table[i];
  20   3                 i++;
  21   3                 delay(); 
  22   3               }
  23   2          else
  24   2               {
  25   3                i=0;
  26   3                }
  27   2         }
  28   1      }


MODULE INFORMATION:   STATIC OVERLAYABLE
   CODE SIZE        =     38    ----
   CONSTANT SIZE    =     37    ----
   XDATA SIZE       =   ----    ----
   PDATA SIZE       =   ----    ----
   DATA SIZE        =      1    ----
   IDATA SIZE       =   ----    ----
   BIT SIZE         =   ----    ----
END OF MODULE INFORMATION.


C51 COMPILATION COMPLETE.  0 WARNING(S),  0 ERROR(S)
