C51 COMPILER V9.01   DS1302                                                                09/08/2017 22:38:00 PAGE 1   


C51 COMPILER V9.01, COMPILATION OF MODULE DS1302
OBJECT MODULE PLACED IN ds1302.OBJ
COMPILER INVOKED BY: D:\Keil\C51\BIN\C51.EXE ds1302.c BROWSE DEBUG OBJECTEXTEND

line level    source

   1          #include"ds1302.h"
   2          
   3          void write_ds(uchar add,uchar date){
   4   1              uchar n;
   5   1              RST=0;
   6   1              _nop_();
   7   1      
   8   1              SCLK=0;
   9   1              _nop_();
  10   1              RST=1;
  11   1              _nop_();
  12   1      
  13   1              for(n=0;n<8;n++){
  14   2                      DSIO=add&0x01;
  15   2                      add>>=1;
  16   2                      SCLK=1;
  17   2                      _nop_();
  18   2                      SCLK=0;
  19   2                      _nop_();
  20   2              }
  21   1              for(n=0;n<8;n++){
  22   2                      DSIO=date&0x01;
  23   2                      date>>=1;
  24   2                      SCLK=1;
  25   2                      _nop_();
  26   2                      SCLK=0;
  27   2                      _nop_();                
  28   2              }
  29   1      
  30   1              RST=0;
  31   1              _nop_();
  32   1      }
  33          
  34          uchar read_ds(uchar add){
  35   1              uchar n,dat,dat1;
  36   1              RST=0;
  37   1              _nop_();
  38   1      
  39   1              SCLK=0;
  40   1              _nop_();
  41   1              RST=1;
  42   1              _nop_();
  43   1      
  44   1              for(n=0;n<8;n++){
  45   2                      DSIO=add&0x01;
  46   2                      add>>=1;
  47   2                      SCLK=1;
  48   2                      _nop_();
  49   2                      SCLK=0;
  50   2                      _nop_();
  51   2              }
  52   1              _nop_();
  53   1              for(n=0;n<8;n++){
  54   2                      dat1=DSIO;
  55   2                      dat=(dat>>1)|(dat1<<7);
C51 COMPILER V9.01   DS1302                                                                09/08/2017 22:38:00 PAGE 2   

  56   2                      SCLK=1;
  57   2                      _nop_();
  58   2                      SCLK=0;
  59   2                      _nop_();
  60   2              }
  61   1      
  62   1              RST=0;
  63   1              _nop_();
  64   1              SCLK=1;
  65   1              _nop_();
  66   1              DSIO=0;
  67   1              _nop_();
  68   1              DSIO=1;
  69   1              _nop_();
  70   1              return dat;
  71   1      }
  72          
  73          void set_time(){
  74   1              write_ds(0x8e,0x00);
  75   1      
  76   1              write_ds(0x80,0);
  77   1              write_ds(0x82,0x30);
  78   1              write_ds(0x84,0x13);
  79   1              write_ds(0x86,0x07);
  80   1              write_ds(0x88,0x09);
  81   1              write_ds(0x8a,0x04);
  82   1              write_ds(0x8c,0x17);
  83   1      
  84   1              write_ds(0x8e,0x80);
  85   1      }
  86          


MODULE INFORMATION:   STATIC OVERLAYABLE
   CODE SIZE        =    190    ----
   CONSTANT SIZE    =   ----    ----
   XDATA SIZE       =   ----    ----
   PDATA SIZE       =   ----    ----
   DATA SIZE        =   ----    ----
   IDATA SIZE       =   ----    ----
   BIT SIZE         =   ----    ----
END OF MODULE INFORMATION.


C51 COMPILATION COMPLETE.  0 WARNING(S),  0 ERROR(S)
