C51 COMPILER V9.01   LCD                                                                   09/08/2017 22:05:58 PAGE 1   


C51 COMPILER V9.01, COMPILATION OF MODULE LCD
OBJECT MODULE PLACED IN lcd.OBJ
COMPILER INVOKED BY: D:\Keil\C51\BIN\C51.EXE lcd.c BROWSE DEBUG OBJECTEXTEND

line level    source

   1           #include"lcd.h"
   2          
   3           void lcd_delay1ms(uint c){
   4   1              uchar a,b;
   5   1              for(c;c>0;c--)
   6   1                      for(b=199;b>0;b--)
   7   1                              for(a=1;a>0;a--);
   8   1       }
   9          
  10           void  writecom(uchar com){
  11   1              E=0;
  12   1              RS=0;
  13   1              RW=0;
  14   1              DATAPINS=com;
  15   1              lcd_delay1ms(1);
  16   1              E=1;
  17   1              lcd_delay1ms(5);
  18   1              E=0;
  19   1       }
  20          
  21           void writedata(uchar dat){
  22   1              E=0;
  23   1              RS=1;
  24   1              RW=0;
  25   1              DATAPINS=dat;
  26   1              lcd_delay1ms(1);
  27   1              E=1;
  28   1              lcd_delay1ms(5);
  29   1              E=0;
  30   1       }
  31          
  32           void lcdinit(){
  33   1              writecom(0x38);
  34   1              writecom(0x0c);
  35   1              writecom(0x06);
  36   1              writecom(0x01);
  37   1              writecom(0x80);
  38   1       }


MODULE INFORMATION:   STATIC OVERLAYABLE
   CODE SIZE        =     87    ----
   CONSTANT SIZE    =   ----    ----
   XDATA SIZE       =   ----    ----
   PDATA SIZE       =   ----    ----
   DATA SIZE        =   ----    ----
   IDATA SIZE       =   ----    ----
   BIT SIZE         =   ----    ----
END OF MODULE INFORMATION.


C51 COMPILATION COMPLETE.  0 WARNING(S),  0 ERROR(S)
