C51 COMPILER V9.01   MAIN                                                                  11/14/2015 21:11:11 PAGE 1   


C51 COMPILER V9.01, COMPILATION OF MODULE MAIN
OBJECT MODULE PLACED IN main.OBJ
COMPILER INVOKED BY: D:\keil\C51\BIN\C51.EXE main.c BROWSE DEBUG OBJECTEXTEND

line level    source

   1          #include<reg52.h>
   2          unsigned char keyvalue;
   3          unsigned char led[16]={0x3f,0x06,0x5b,0x4f,0x66,0x6d,0x7d,0x07,
   4          0x7f,0x6f,0x77,0x7c,0x39,0x5e,0x79,0x71};
   5          void delay(unsigned char c);
   6          void key();
   7          void main()
   8          {
   9   1              while(1)
  10   1              {
  11   2                       key();
  12   2                       P0=~led[keyvalue];
  13   2              }
  14   1      }
  15          
  16          void key()
  17          {
  18   1              P1=0x0f;
  19   1              if(P1!=0x0f)
  20   1              {
  21   2                      delay(1);
  22   2                      if(P1!=0x0f)
  23   2                      {
  24   3                              switch(P1)
  25   3                              {
  26   4                                      case (0x07):keyvalue=12;break;
  27   4                                      case (0x0b):keyvalue=8;break;
  28   4                                      case (0x0d):keyvalue=4;break;
  29   4                                      case (0x0e):keyvalue=0;break;
  30   4                              }
  31   3                              P1=0xf0;
  32   3                              switch(P1)
  33   3                              {
  34   4                                      case (0x70):keyvalue=keyvalue+3;break;
  35   4                                      case (0xb0):keyvalue=keyvalue+2;break;
  36   4                                      case (0xd0):keyvalue=keyvalue+1;break;
  37   4                                      case (0xe0):keyvalue=keyvalue;break;
  38   4                              }
  39   3                              while(P1!=0xf0);
  40   3                      }
  41   2              }
  42   1      }
  43          
  44          void delay(unsigned char c)
  45          {               
  46   1              unsigned char a,b;
  47   1              for(;c>0;c--);
  48   1                      for(b=38;b>0;b--);
  49   1                              for(a=130;a>0;a--);
  50   1      }


MODULE INFORMATION:   STATIC OVERLAYABLE
   CODE SIZE        =    137    ----
   CONSTANT SIZE    =   ----    ----
C51 COMPILER V9.01   MAIN                                                                  11/14/2015 21:11:11 PAGE 2   

   XDATA SIZE       =   ----    ----
   PDATA SIZE       =   ----    ----
   DATA SIZE        =     17    ----
   IDATA SIZE       =   ----    ----
   BIT SIZE         =   ----    ----
END OF MODULE INFORMATION.


C51 COMPILATION COMPLETE.  0 WARNING(S),  0 ERROR(S)
