C51 COMPILER V9.01   FLASH                                                                 04/12/2017 21:52:36 PAGE 1   


C51 COMPILER V9.01, COMPILATION OF MODULE FLASH
OBJECT MODULE PLACED IN flash.OBJ
COMPILER INVOKED BY: D:\keil\C51\BIN\C51.EXE flash.c BROWSE DEBUG OBJECTEXTEND

line level    source

   1          #include<reg51.h>
   2          
   3          sbit LED=P0^6;
   4          
   5          void delay(unsigned int i)
   6          {
   7   1              unsigned char j;
   8   1              for(i;i>0;i--)
   9   1                      for(j=100;j>0;j--);
  10   1      }
  11          
  12          main()
  13          {
  14   1              P0=0x00;
  15   1              while(1)
  16   1              {
  17   2                      LED=1;
  18   2                      delay(1000);
  19   2                      LED=0;
  20   2                      delay(1000);
  21   2              }
  22   1      }


MODULE INFORMATION:   STATIC OVERLAYABLE
   CODE SIZE        =     44    ----
   CONSTANT SIZE    =   ----    ----
   XDATA SIZE       =   ----    ----
   PDATA SIZE       =   ----    ----
   DATA SIZE        =   ----    ----
   IDATA SIZE       =   ----    ----
   BIT SIZE         =   ----    ----
END OF MODULE INFORMATION.


C51 COMPILATION COMPLETE.  0 WARNING(S),  0 ERROR(S)
