C51 COMPILER V9.01   MAIN                                                                  10/26/2015 20:52:05 PAGE 1   


C51 COMPILER V9.01, COMPILATION OF MODULE MAIN
OBJECT MODULE PLACED IN main.OBJ
COMPILER INVOKED BY: D:\keil\C51\BIN\C51.EXE main.c BROWSE DEBUG OBJECTEXTEND

line level    source

   1          #include<reg52.h>
   2          void delay(unsigned int c);
   3          unsigned char LED;
   4          void main()
   5          {
   6   1              unsigned char i;
   7   1              LED=0x01;
   8   1              while(1)
   9   1              {
  10   2                      for(i=0;i<7;i++)
  11   2                      {
  12   3                              P0=LED;
  13   3                              delay(50);
  14   3                              LED=LED<<1;
  15   3                      }
  16   2                      for(i=0;i<7;i++)
  17   2                      {
  18   3                              P0=LED;
  19   3                              delay(50);
  20   3                              LED=LED>>1;
  21   3                      }
  22   2              }
  23   1      }
  24          
  25          void delay(unsigned int c)
  26          {
  27   1              unsigned char a,b;
  28   1              for(;c>0;c--)
  29   1                      for(a=38;a>0;a--)
  30   1                              for(b=130;b>0;b--);
  31   1      }


MODULE INFORMATION:   STATIC OVERLAYABLE
   CODE SIZE        =     79    ----
   CONSTANT SIZE    =   ----    ----
   XDATA SIZE       =   ----    ----
   PDATA SIZE       =   ----    ----
   DATA SIZE        =      1       1
   IDATA SIZE       =   ----    ----
   BIT SIZE         =   ----    ----
END OF MODULE INFORMATION.


C51 COMPILATION COMPLETE.  0 WARNING(S),  0 ERROR(S)
