C51 COMPILER V9.01   MAIN                                                                  10/24/2015 12:16:12 PAGE 1   


C51 COMPILER V9.01, COMPILATION OF MODULE MAIN
OBJECT MODULE PLACED IN main.OBJ
COMPILER INVOKED BY: D:\keil\C51\BIN\C51.EXE main.c BROWSE DEBUG OBJECTEXTEND

line level    source

   1          #include<reg51.h>
   2          #include<intrins.h>
   3          void delay(unsigned int c)
   4          {
   5   1              unsigned char a,b;
   6   1              for(;c>0;c--)
   7   1                for(b=38;b>0;b--)
   8   1                  for(a=130;a>0;a--);
   9   1      }
  10          main()
  11          {
  12   1              unsigned char LED;
  13   1              LED=0x01;
  14   1              while(1)
  15   1              {
  16   2                      P0=LED;
  17   2                      delay(50);
  18   2                      LED=_crol_(LED,1);
  19   2              //      if(LED==0x00)
  20   2              //      {
  21   2              //       LED=0x01;
  22   2              //      }
  23   2              }
  24   1      }


MODULE INFORMATION:   STATIC OVERLAYABLE
   CODE SIZE        =     50    ----
   CONSTANT SIZE    =   ----    ----
   XDATA SIZE       =   ----    ----
   PDATA SIZE       =   ----    ----
   DATA SIZE        =   ----    ----
   IDATA SIZE       =   ----    ----
   BIT SIZE         =   ----    ----
END OF MODULE INFORMATION.


C51 COMPILATION COMPLETE.  0 WARNING(S),  0 ERROR(S)
