C51 COMPILER V9.01   TEMP                                                                  09/13/2017 12:46:42 PAGE 1   


C51 COMPILER V9.01, COMPILATION OF MODULE TEMP
OBJECT MODULE PLACED IN temp.OBJ
COMPILER INVOKED BY: D:\Keil\C51\BIN\C51.EXE temp.c BROWSE DEBUG OBJECTEXTEND

line level    source

   1          #include"temp.h"
   2          
   3          void delay1ms(uint x){
   4   1              uint y;
   5   1              for(;x>0;x--)
   6   1                      for(y=110;y>0;y--);
   7   1      }
   8          
   9          uchar dsreset(){
  10   1              uchar i;
  11   1              ds=0;
  12   1              i=103;
  13   1              while(i--);
  14   1              ds=1;
  15   1              while(ds){
  16   2                      delay1ms(1);
  17   2                      i++;
  18   2                      if(i>5)return 0;
  19   2              }       
  20   1              return 1;
  21   1      }
  22          
  23          void tempwritebyte(uchar dat){
  24   1              uchar i,j;
  25   1              for(j=0;j<8;j++){
  26   2                      ds=0;
  27   2                      i++;
  28   2                      ds=dat&0x01;
  29   2                      i=6;
  30   2                      while(i--);
  31   2                      ds=1;
  32   2                      dat>>=1;
  33   2              }
  34   1      }
  35          
  36          uchar tempreadbyte(){
  37   1              uchar dat,bi,i,j;
  38   1              for(j=8;j>0;j--){
  39   2                      ds=0;
  40   2                      i++;
  41   2                      ds=1;
  42   2                      i++;i++;
  43   2                      bi=ds;
  44   2                      dat=(dat>>1)|(bi<<7);
  45   2                      i=4;
  46   2                      while(i--);
  47   2              }
  48   1              return dat;
  49   1      }
  50          
  51          void tempchange(){
  52   1              dsreset();
  53   1              delay1ms(1);
  54   1              tempwritebyte(0xcc);
  55   1              tempwritebyte(0x44);
C51 COMPILER V9.01   TEMP                                                                  09/13/2017 12:46:42 PAGE 2   

  56   1      }
  57          
  58          uint readtemp(){
  59   1              int temp=0;
  60   1              uchar tmh,tml;
  61   1              tempchange();
  62   1              dsreset();
  63   1              delay1ms(1);
  64   1              tempwritebyte(0xcc);
  65   1              tempwritebyte(0xbe);
  66   1              tml=tempreadbyte();
  67   1              tmh=tempreadbyte();
  68   1              temp=tmh;
  69   1              temp<<=8;
  70   1              temp|=tml;
  71   1      //      f_temp=temp*0.0625+0.05;
  72   1              temp=temp*0.0625*10+0.5;
  73   1              return temp;
  74   1      }


MODULE INFORMATION:   STATIC OVERLAYABLE
   CODE SIZE        =    204    ----
   CONSTANT SIZE    =   ----    ----
   XDATA SIZE       =   ----    ----
   PDATA SIZE       =   ----    ----
   DATA SIZE        =   ----    ----
   IDATA SIZE       =   ----    ----
   BIT SIZE         =   ----    ----
END OF MODULE INFORMATION.


C51 COMPILATION COMPLETE.  0 WARNING(S),  0 ERROR(S)
