C51 COMPILER V9.01   MAIN                                                                  05/23/2017 15:55:02 PAGE 1   


C51 COMPILER V9.01, COMPILATION OF MODULE MAIN
OBJECT MODULE PLACED IN main.OBJ
COMPILER INVOKED BY: D:\keil\C51\BIN\C51.EXE main.c BROWSE DEBUG OBJECTEXTEND

line level    source

   1          #include<reg52.h>
   2          sbit led=P1^0;
   3          unsigned char num;
   4          void main()
   5          {
   6   1              TMOD=0x01;
   7   1              TH0=(65536-45872)/256;
   8   1              TL0=(65536-45872)%256;
   9   1              EA=1;
  10   1              ET0=1;
  11   1              TR0=1;
  12   1              while(1);
  13   1      }
  14          
  15          void T0_time() interrupt 1
  16          {
  17   1              TH0=(65536-50000)/256;
  18   1              TL0=(65536-50000)%256;
  19   1              num++;
  20   1              if(num==10)
  21   1              {
  22   2                      num=0;
  23   2                      led=~led;
  24   2              }
  25   1      }


MODULE INFORMATION:   STATIC OVERLAYABLE
   CODE SIZE        =     44    ----
   CONSTANT SIZE    =   ----    ----
   XDATA SIZE       =   ----    ----
   PDATA SIZE       =   ----    ----
   DATA SIZE        =      1    ----
   IDATA SIZE       =   ----    ----
   BIT SIZE         =   ----    ----
END OF MODULE INFORMATION.


C51 COMPILATION COMPLETE.  0 WARNING(S),  0 ERROR(S)
