C51 COMPILER V9.01   MAIN                                                                  10/23/2015 12:35:18 PAGE 1   


C51 COMPILER V9.01, COMPILATION OF MODULE MAIN
OBJECT MODULE PLACED IN main.OBJ
COMPILER INVOKED BY: D:\keil\C51\BIN\C51.EXE main.c BROWSE DEBUG OBJECTEXTEND

line level    source

   1          #include<reg52.h>
   2          void delay(unsigned int c)
   3          {
   4   1              unsigned char a,b;
   5   1              for(;c>0;c--)
   6   1                      for(a=38;a>0;a--)
   7   1                              for(b=130;b>0;b--);
   8   1      }
   9          
  10          void main()
  11          {
  12   1              unsigned char NUM =0xff;
  13   1              while(1)
  14   1              {
  15   2                      P0=NUM;
  16   2                      delay(50);
  17   2                      NUM--;
  18   2              }
  19   1      }


MODULE INFORMATION:   STATIC OVERLAYABLE
   CODE SIZE        =     39    ----
   CONSTANT SIZE    =   ----    ----
   XDATA SIZE       =   ----    ----
   PDATA SIZE       =   ----    ----
   DATA SIZE        =   ----    ----
   IDATA SIZE       =   ----    ----
   BIT SIZE         =   ----    ----
END OF MODULE INFORMATION.


C51 COMPILATION COMPLETE.  0 WARNING(S),  0 ERROR(S)
