C51 COMPILER V9.01   MAIN                                                                  08/16/2017 11:03:48 PAGE 1   


C51 COMPILER V9.01, COMPILATION OF MODULE MAIN
OBJECT MODULE PLACED IN main.OBJ
COMPILER INVOKED BY: D:\Keil\C51\BIN\C51.EXE main.c BROWSE DEBUG OBJECTEXTEND

line level    source

   1          #include<reg51.h>
   2          
   3          #define uint unsigned int
   4          #define uchar unsigned char
   5          
   6          sfr WDT_CONTR=0xe1;
   7          sbit led=P1^0;
   8          
   9          void delay(uint x){
  10   1              uint i,j;
  11   1              for(i=x;i>0;i--)
  12   1                      for(j=110;j>0;j--);     
  13   1      }
  14          
  15          void main(){
  16   1              P1=0;
  17   1              WDT_CONTR=0x35;
  18   1              delay(500);
  19   1              led=1;
  20   1              delay(700);
  21   1              led=0;
  22   1              while(1){
  23   2                      delay(1000);
  24   2                      WDT_CONTR=0x35;
  25   2              }
  26   1      }


MODULE INFORMATION:   STATIC OVERLAYABLE
   CODE SIZE        =     66    ----
   CONSTANT SIZE    =   ----    ----
   XDATA SIZE       =   ----    ----
   PDATA SIZE       =   ----    ----
   DATA SIZE        =   ----    ----
   IDATA SIZE       =   ----    ----
   BIT SIZE         =   ----    ----
END OF MODULE INFORMATION.


C51 COMPILATION COMPLETE.  0 WARNING(S),  0 ERROR(S)
