C51 COMPILER V9.01   MAIN                                                                  10/24/2015 12:28:15 PAGE 1   


C51 COMPILER V9.01, COMPILATION OF MODULE MAIN
OBJECT MODULE PLACED IN main.OBJ
COMPILER INVOKED BY: D:\keil\C51\BIN\C51.EXE main.c BROWSE DEBUG OBJECTEXTEND

line level    source

   1          #include<reg52.h>
   2          #include<intrins.h>
   3          
   4          void delay(unsigned int c)
   5          {
   6   1              unsigned char a,b;
   7   1              for(;c>0;c--)
   8   1                      for(a=38;a>0;a--)
   9   1                              for(b=130;b>0;b--);     
  10   1      }
  11          
  12          void main()
  13          {
  14   1              unsigned char LED;
  15   1              LED=0xfe;
  16   1              while(1)
  17   1              {
  18   2                      P0=LED;
  19   2                      delay(20);
  20   2                      LED=_crol_(LED,1);
  21   2              }
  22   1      }


MODULE INFORMATION:   STATIC OVERLAYABLE
   CODE SIZE        =     50    ----
   CONSTANT SIZE    =   ----    ----
   XDATA SIZE       =   ----    ----
   PDATA SIZE       =   ----    ----
   DATA SIZE        =   ----    ----
   IDATA SIZE       =   ----    ----
   BIT SIZE         =   ----    ----
END OF MODULE INFORMATION.


C51 COMPILATION COMPLETE.  0 WARNING(S),  0 ERROR(S)
