C51 COMPILER V9.01   MAIN                                                                  08/16/2017 10:08:20 PAGE 1   


C51 COMPILER V9.01, COMPILATION OF MODULE MAIN
OBJECT MODULE PLACED IN main.OBJ
COMPILER INVOKED BY: D:\Keil\C51\BIN\C51.EXE main.c BROWSE DEBUG OBJECTEXTEND

line level    source

   1          #include<reg51.h>
   2          
   3          #define uint unsigned int
   4          #define uchar unsigned char
   5          
   6          sbit LS138A=P2^2;
   7          sbit LS138B=P2^3;
   8          sbit LS138C=P2^4;
   9          
  10          uchar code Disp_Tab[] = {0x3f,0x06,0x5b,0x4f,0x66,0x6d,0x7d,0x07,0x7f,0x6f,0x40};
  11          uchar LedOut[8]={0,0,0,0,0,0,0,0},num;
  12          
  13          void delay(uint x){
  14   1              uint i,j;
  15   1              for(i=x;i>0;i--)
  16   1                      for(j=110;j>0;j--);
  17   1      }
  18          
  19          void display(){
  20   1              uchar i;
  21   1              for( i=0; i<8; i++) 
  22   1               {       
  23   2                      P0 = Disp_Tab[LedOut[i]];
  24   2                              
  25   2                      switch(i)                                         
  26   2                   {      
  27   3                              case 0:LS138A=0; LS138B=0; LS138C=0; break;         
  28   3                      case 1:LS138A=1; LS138B=0; LS138C=0; break;                     
  29   3                      case 2:LS138A=0; LS138B=1; LS138C=0; break; 
  30   3                      case 3:LS138A=1; LS138B=1; LS138C=0; break; 
  31   3                              case 4:LS138A=0; LS138B=0; LS138C=1; break;
  32   3                              case 5:LS138A=1; LS138B=0; LS138C=1; break;
  33   3                              case 6:LS138A=0; LS138B=1; LS138C=1; break;
  34   3                              case 7:LS138A=1; LS138B=1; LS138C=1; break;
  35   3                              
  36   3                   }
  37   2      
  38   2                      delay(1);
  39   2               }
  40   1      }
  41          
  42          void main(){
  43   1              uchar num1;
  44   1              TMOD=0x01;
  45   1              TH0=(65536-50000)/256;
  46   1              TL0=(65536-50000)%256;
  47   1              EA=1;
  48   1              ET0=1;
  49   1              EX0=1;
  50   1              EX1=1;
  51   1              TR0=1;
  52   1              while(1){
  53   2                      if(num>=20){
  54   3                              num=0;
  55   3                              num1++;
C51 COMPILER V9.01   MAIN                                                                  08/16/2017 10:08:20 PAGE 2   

  56   3                              if(num1==6){
  57   4                                      ET0=0;
  58   4                                      PCON=0x02;
  59   4                              }
  60   3                              LedOut[6]=num1/10;
  61   3                              LedOut[7]=num1%10;
  62   3                      }
  63   2                      display();
  64   2              }
  65   1      }
  66          
  67          void timer() interrupt 1
  68          {
  69   1              TH0=(65536-50000)/256;
  70   1              TL0=(65536-50000)%256;
  71   1              num++;
  72   1      }
  73          
  74          void ex_int0() interrupt 0
  75          {
  76   1              PCON=0;
  77   1              ET0=1;
  78   1      }
  79          
  80          void ex_int1() interrupt 2
  81          {
  82   1              PCON=0;
  83   1              ET0=1;
  84   1      }


MODULE INFORMATION:   STATIC OVERLAYABLE
   CODE SIZE        =    224    ----
   CONSTANT SIZE    =     11    ----
   XDATA SIZE       =   ----    ----
   PDATA SIZE       =   ----    ----
   DATA SIZE        =      9       1
   IDATA SIZE       =   ----    ----
   BIT SIZE         =   ----    ----
END OF MODULE INFORMATION.


C51 COMPILATION COMPLETE.  0 WARNING(S),  0 ERROR(S)
