C51 COMPILER V9.01   MAIN                                                                  05/24/2017 22:42:11 PAGE 1   


C51 COMPILER V9.01, COMPILATION OF MODULE MAIN
OBJECT MODULE PLACED IN main.OBJ
COMPILER INVOKED BY: D:\keil\C51\BIN\C51.EXE main.c BROWSE DEBUG OBJECTEXTEND

line level    source

   1          #include<reg51.h>
   2          #define uchar unsigned char
   3          #define uint unsigned int
   4          
   5          uchar code duanma[]={0xc0,0xf9,0xa4,0xb0,
   6                                                  0x99,0x92,0x82,0xf8,
   7                                                  0x80,0x90,0x88,0x83,
   8                                                  0xc6,0xa1,0x86,0x8e};
   9                                                  
  10          void delay(uint time){
  11   1              uint i;
  12   1              for(time;time>0;time--)
  13   1                      for(i=110;i>0;i--);
  14   1      } 
  15          
  16          void keyscan(){
  17   1              uchar temp,key;
  18   1              P3=0x7f;
  19   1              temp=P3;
  20   1              temp=temp&0x0f;
  21   1              if(temp!=0x0f){
  22   2                      delay(10);
  23   2                      temp=P3;
  24   2                      temp=temp&0x0f;
  25   2                      if(temp!=0x0f){
  26   3                              temp=P3;
  27   3                              switch(temp){
  28   4                                      case 0x77:key=15;
  29   4                                                      break;
  30   4                                      case 0x7b:key=11;
  31   4                                                      break;
  32   4                                      case 0x7d:key=7;
  33   4                                                      break;
  34   4                                      case 0x7e:key=3;
  35   4                                                      break;
  36   4                              }
  37   3                              while(temp!=0x0f){
  38   4                                      temp=P3;
  39   4                                      temp=temp&0x0f;
  40   4                                      P0=duanma[key];
  41   4                              }
  42   3                              P0=0xff;
  43   3                      }
  44   2              }
  45   1              P3=0xbf;
  46   1              temp=P3;
  47   1              temp=temp&0x0f;
  48   1              if(temp!=0x0f){
  49   2                      delay(10);
  50   2                      temp=P3;
  51   2                      temp=temp&0x0f;
  52   2                      if(temp!=0x0f){
  53   3                              temp=P3;
  54   3                              switch(temp){
  55   4                                      case 0xb7:key=14;
C51 COMPILER V9.01   MAIN                                                                  05/24/2017 22:42:11 PAGE 2   

  56   4                                                      break;
  57   4                                      case 0xbb:key=10;
  58   4                                                      break;
  59   4                                      case 0xbd:key=6;
  60   4                                                      break;
  61   4                                      case 0xbe:key=2;
  62   4                                                      break;
  63   4                              }
  64   3                              while(temp!=0x0f){
  65   4                                      temp=P3;
  66   4                                      temp=temp&0x0f;
  67   4                                      P0=duanma[key];
  68   4                              }
  69   3                              P0=0xff;
  70   3                      }
  71   2              }
  72   1              P3=0xdf;
  73   1              temp=P3;
  74   1              temp=temp&0x0f;
  75   1              if(temp!=0x0f){
  76   2                      delay(10);
  77   2                      temp=P3;
  78   2                      temp=temp&0x0f;
  79   2                      if(temp!=0x0f){
  80   3                              temp=P3;
  81   3                              switch(temp){
  82   4                                      case 0xd7:key=13;
  83   4                                                      break;
  84   4                                      case 0xdb:key=9;
  85   4                                                      break;
  86   4                                      case 0xdd:key=5;
  87   4                                                      break;
  88   4                                      case 0xde:key=1;
  89   4                                                      break;
  90   4                              }
  91   3                              while(temp!=0x0f){
  92   4                                      temp=P3;
  93   4                                      temp=temp&0x0f;
  94   4                                      P0=duanma[key];
  95   4                              }
  96   3                              P0=0xff;
  97   3                      }
  98   2              }
  99   1              P3=0xef;
 100   1              temp=P3;
 101   1              temp=temp&0x0f;
 102   1              if(temp!=0x0f){
 103   2                      delay(10);
 104   2                      temp=P3;
 105   2                      temp=temp&0x0f;
 106   2                      if(temp!=0x0f){
 107   3                              temp=P3;
 108   3                              switch(temp){
 109   4                                      case 0xe7:key=12;
 110   4                                                      break;
 111   4                                      case 0xeb:key=8;
 112   4                                                      break;
 113   4                                      case 0xed:key=4;
 114   4                                                      break;
 115   4                                      case 0xee:key=0;
 116   4                                                      break;
 117   4                              }
C51 COMPILER V9.01   MAIN                                                                  05/24/2017 22:42:11 PAGE 3   

 118   3                              while(temp!=0x0f){
 119   4                                      temp=P3;
 120   4                                      temp=temp&0x0f;
 121   4                                      P0=duanma[key];
 122   4                              }
 123   3                              P0=0xff;
 124   3                      }
 125   2              }
 126   1      }
 127          
 128          void main(){
 129   1              P0=0xff;
 130   1              while(1){
 131   2                      keyscan();
 132   2              }
 133   1      }


MODULE INFORMATION:   STATIC OVERLAYABLE
   CODE SIZE        =    415    ----
   CONSTANT SIZE    =     16    ----
   XDATA SIZE       =   ----    ----
   PDATA SIZE       =   ----    ----
   DATA SIZE        =   ----       2
   IDATA SIZE       =   ----    ----
   BIT SIZE         =   ----    ----
END OF MODULE INFORMATION.


C51 COMPILATION COMPLETE.  0 WARNING(S),  0 ERROR(S)
