C51 COMPILER V9.01   MAIN                                                                  08/22/2017 16:17:38 PAGE 1   


C51 COMPILER V9.01, COMPILATION OF MODULE MAIN
OBJECT MODULE PLACED IN main.OBJ
COMPILER INVOKED BY: D:\Keil\C51\BIN\C51.EXE main.c BROWSE DEBUG OBJECTEXTEND

line level    source

   1          #include<reg51.h>
   2          #include<24c02.h>
   3          
   4          #define uint unsigned int
   5          #define uchar unsigned char
   6          
   7          sbit lcden=P2^7;
   8          sbit rs=P2^6;
   9          sbit s1=P2^3;
  10          sbit s2=P2^4;
  11          sbit s3=P2^5;
  12          sbit beep=P3^0;
  13          
  14          uchar count,s1num;
  15          char miao,shi,fen;
  16          uchar code table[]="  2017-08-22 TUE";
  17          
  18          void delay(uint x){
  19   1              uchar y;
  20   1              for(x;x>0;x--)
  21   1                      for(y=110;y>0;y--); 
  22   1      }
  23          
  24          void di(){
  25   1              uchar i;
  26   1              for(i=8;i>0;i--){
  27   2                      beep=0;
  28   2                      delay(10);
  29   2                      beep=1;
  30   2                      delay(10);
  31   2              }
  32   1      }
  33          
  34          void write_com(uchar com){
  35   1              rs=0;
  36   1              lcden=0;
  37   1              P0=com;
  38   1              delay(5);
  39   1              lcden=1;
  40   1              delay(5);
  41   1              lcden=0;
  42   1      }
  43          
  44          void write_data(uchar date){
  45   1              rs=1;
  46   1              lcden=0;
  47   1              P0=date;
  48   1              delay(5);
  49   1              lcden=1;
  50   1              delay(5);
  51   1              lcden=0;
  52   1      }
  53          
  54          void write_sfm(uchar add,uchar date){
  55   1              uchar ge,shi;
C51 COMPILER V9.01   MAIN                                                                  08/22/2017 16:17:38 PAGE 2   

  56   1              shi=date/10;
  57   1              ge=date%10;
  58   1              write_com(0x80+0x40+add);
  59   1              write_data(0x30+shi);
  60   1              write_data(0x30+ge);
  61   1      }
  62          
  63          void init(){
  64   1              uchar num;
  65   1              lcden=0;
  66   1              shi=0;
  67   1              fen=0;
  68   1              miao=0;
  69   1              count=0;
  70   1              s1num=0;
  71   1              init_24c02();
  72   1              write_com(0x38);
  73   1              write_com(0x0c);
  74   1              write_com(0x06);
  75   1              write_com(0x01);
  76   1              write_com(0x80);
  77   1              for(num=0;num<15;num++){
  78   2                      write_data(table[num]);
  79   2                      delay(5);
  80   2              }
  81   1              write_com(0x80+0x40+6);
  82   1              write_data(':');
  83   1              delay(5);
  84   1              write_com(0x80+0x40+9);
  85   1              write_data(':');
  86   1              delay(5);
  87   1              miao=read_add(1);
  88   1              fen=read_add(2);
  89   1              shi=read_add(3);
  90   1              write_sfm(10,miao);
  91   1              write_sfm(7,fen);
  92   1              write_sfm(4,shi);
  93   1              TMOD=0x01;
  94   1              TH0=15536/256;
  95   1              TL0=15536%256;
  96   1              EA=1;
  97   1              ET0=1;
  98   1              TR0=1;
  99   1      }
 100          
 101          void keyscan(){
 102   1              if(s1==0){
 103   2                      delay(5);
 104   2                      if(s1==0){
 105   3                              s1num++;
 106   3                              while(!s1);
 107   3                              di();
 108   3                              if(s1num==1){
 109   4                                      TR0=0;
 110   4                                      write_com(0x80+0x40+10);
 111   4                                      write_com(0x0f);
 112   4                              }
 113   3                              if(s1num==2){
 114   4                                      write_com(0x80+0x40+7);
 115   4                              }
 116   3                              if(s1num==3){
 117   4                                      write_com(0x80+0x40+4);
C51 COMPILER V9.01   MAIN                                                                  08/22/2017 16:17:38 PAGE 3   

 118   4                              }
 119   3                              if(s1num==4){
 120   4                                      s1num=0;
 121   4                                      write_com(0x0c);
 122   4                                      TR0=1;
 123   4                              }
 124   3                      }
 125   2              }
 126   1              if(s1num!=0){
 127   2                      if(s2==0){
 128   3                              delay(5);
 129   3                              if(s2==0){
 130   4                                      while(!s2);
 131   4                                      di();
 132   4                                      if(s1num==1){
 133   5                                              miao++;
 134   5                                              if(miao>=60)miao=0;
 135   5                                              write_sfm(10,miao);
 136   5                                              write_com(0x80+0x40+10);
 137   5                                              write_add(1,miao);      
 138   5                                      }
 139   4                                      if(s1num==2){
 140   5                                              fen++;
 141   5                                              if(fen>=60)fen=0;
 142   5                                              write_sfm(7,fen);
 143   5                                              write_com(0x80+0x40+7);
 144   5                                              write_add(2,fen);
 145   5                                      }
 146   4                                      if(s1num==3){
 147   5                                              shi++;
 148   5                                              if(shi>=24)shi=0;
 149   5                                              write_sfm(4,shi);
 150   5                                              write_com(0x80+0x40+4);
 151   5                                              write_add(3,shi);
 152   5                                      }
 153   4                              }
 154   3                      }
 155   2                      if(s3==0){
 156   3                              delay(5);
 157   3                              if(s3==0){
 158   4                                      while(!s3);
 159   4                                      di();
 160   4                                      if(s1num==1){
 161   5                                              miao--;
 162   5                                              if(miao==-1)miao=59;
 163   5                                              write_sfm(10,miao);
 164   5                                              write_com(0x80+0x40+10);
 165   5                                              write_add(1,miao);
 166   5                                      }
 167   4                                      if(s1num==2){
 168   5                                              fen--;
 169   5                                              if(fen==-1)miao=59;
 170   5                                              write_sfm(7,fen);
 171   5                                              write_com(0x80+0x40+7);
 172   5                                              write_add(2,fen);
 173   5                                      }
 174   4                                      if(s1num==3){
 175   5                                              shi--;
 176   5                                              if(shi==-1)shi=23;
 177   5                                              write_sfm(4,shi);
 178   5                                              write_com(0x80+0x40+4);
 179   5                                              write_add(3,shi);
C51 COMPILER V9.01   MAIN                                                                  08/22/2017 16:17:38 PAGE 4   

 180   5                                      }
 181   4                              }
 182   3                      }
 183   2              }
 184   1      }
 185          
 186          void main(){
 187   1              init();
 188   1              while(1)keyscan();
 189   1      }
 190          
 191          void timer() interrupt 1
 192          {
 193   1              TH0=15536/256;
 194   1              TL0=15536%256;
 195   1              count++;
 196   1              if(count==20){
 197   2                      count=0;
 198   2                      miao++;
 199   2                      if(miao==60){
 200   3                              miao=0;
 201   3                              fen++;
 202   3                              if(fen==60){
 203   4                                      fen=0;
 204   4                                      shi++;
 205   4                                      if(shi==24)shi=0;
 206   4                                      write_sfm(4,shi);
 207   4                                      write_add(3,shi);
 208   4                              }
 209   3                              write_sfm(7,fen);
 210   3                              write_add(2,fen);
 211   3                      }
 212   2                      write_sfm(10,miao);
 213   2                      write_add(1,miao);
 214   2              }       
 215   1      }


MODULE INFORMATION:   STATIC OVERLAYABLE
   CODE SIZE        =    858    ----
   CONSTANT SIZE    =     17    ----
   XDATA SIZE       =   ----    ----
   PDATA SIZE       =   ----    ----
   DATA SIZE        =      5       1
   IDATA SIZE       =   ----    ----
   BIT SIZE         =      1    ----
END OF MODULE INFORMATION.


C51 COMPILATION COMPLETE.  0 WARNING(S),  0 ERROR(S)
