C51 COMPILER V9.01   BEEP                                                                  08/22/2017 14:38:19 PAGE 1   


C51 COMPILER V9.01, COMPILATION OF MODULE BEEP
OBJECT MODULE PLACED IN beep.OBJ
COMPILER INVOKED BY: D:\Keil\C51\BIN\C51.EXE beep.c BROWSE DEBUG OBJECTEXTEND

line level    source

   1          #include<reg51.h>
   2          
   3          sbit beep = P2^7;
   4          
   5           void delay(unsigned int i)
   6           {
   7   1              unsigned char j;
   8   1              for(i;i>0;i--)
   9   1                      for(j=100;j>0;j--);
  10   1       }
  11          
  12           void di(){
  13   1       unsigned char i;
  14   1              for(i=8;i>0;i--){
  15   2              beep=0;
  16   2              delay(10);
  17   2              beep=1;
  18   2              delay(10);
  19   2              }
  20   1       }
  21          
  22          void main()
  23           {
  24   1              di();
  25   1              while(1);
  26   1       }


MODULE INFORMATION:   STATIC OVERLAYABLE
   CODE SIZE        =     49    ----
   CONSTANT SIZE    =   ----    ----
   XDATA SIZE       =   ----    ----
   PDATA SIZE       =   ----    ----
   DATA SIZE        =   ----    ----
   IDATA SIZE       =   ----    ----
   BIT SIZE         =   ----    ----
END OF MODULE INFORMATION.


C51 COMPILATION COMPLETE.  0 WARNING(S),  0 ERROR(S)
