C51 COMPILER V9.01   MAIN                                                                  08/05/2017 09:16:53 PAGE 1   


C51 COMPILER V9.01, COMPILATION OF MODULE MAIN
OBJECT MODULE PLACED IN main.OBJ
COMPILER INVOKED BY: D:\Keil\C51\BIN\C51.EXE main.c BROWSE DEBUG OBJECTEXTEND

line level    source

   1          #include<reg52.h>
   2          #define uchar unsigned char
   3          #define uint unsigned int
   4          uchar code table[]="Hello everyone!";
   5          uchar code table1[]="Welcome to here!";
   6          #define LCD_DATAPINS P0
   7          sbit LCD_E=P2^7;
   8          sbit LCD_RW=P2^5;
   9          sbit LCD_RS=P2^6;
  10          uchar num;
  11          
  12          void delay(uint z){
  13   1              uint x,y;
  14   1              for(x=z;x>0;x--)
  15   1                      for(y=110;y>0;y--);
  16   1      }
  17          
  18          void write_com(uchar com){
  19   1              LCD_RS=0;
  20   1              LCD_RW=0;
  21   1              LCD_DATAPINS=com;
  22   1              delay(5);
  23   1              LCD_E=1;
  24   1              delay(5);
  25   1              LCD_E=0;
  26   1      }
  27          
  28          void write_date(uchar date){
  29   1              LCD_RS=1;
  30   1              LCD_RW=0;
  31   1              LCD_DATAPINS=date;
  32   1              delay(5);
  33   1              LCD_E=1;
  34   1              delay(5);
  35   1              LCD_E=0;
  36   1      }
  37          
  38          void init(){
  39   1              LCD_E=0;
  40   1              write_com(0x38);
  41   1              write_com(0x0c);
  42   1              write_com(0x06);
  43   1              write_com(0x01);
  44   1      }
  45          
  46          void main(){
  47   1              init();
  48   1              write_com(0x80+0x10);
  49   1              for(num=0;num<15;num++){
  50   2                      write_date(table[num]);
  51   2                      delay(5);
  52   2              }
  53   1              write_com(0x80+0x50);
  54   1              for(num=0;num<16;num++){
  55   2                      write_date(table1[num]);
C51 COMPILER V9.01   MAIN                                                                  08/05/2017 09:16:53 PAGE 2   

  56   2                      delay(5);
  57   2              }
  58   1              delay(1000);
  59   1              for(num=0;num<16;num++){
  60   2                      write_com(0x18);
  61   2                      delay(200);
  62   2              }
  63   1              while(1);
  64   1      }


MODULE INFORMATION:   STATIC OVERLAYABLE
   CODE SIZE        =    181    ----
   CONSTANT SIZE    =     33    ----
   XDATA SIZE       =   ----    ----
   PDATA SIZE       =   ----    ----
   DATA SIZE        =      1    ----
   IDATA SIZE       =   ----    ----
   BIT SIZE         =   ----    ----
END OF MODULE INFORMATION.


C51 COMPILATION COMPLETE.  0 WARNING(S),  0 ERROR(S)
