C51 COMPILER V9.01   LED                                                                   10/14/2015 00:50:39 PAGE 1   


C51 COMPILER V9.01, COMPILATION OF MODULE LED
OBJECT MODULE PLACED IN led.OBJ
COMPILER INVOKED BY: D:\keil\C51\BIN\C51.EXE led.c BROWSE DEBUG OBJECTEXTEND

line level    source

   1          #include<reg51.h>
   2          void delay(unsigned int i)
   3          {
   4   1              unsigned char j;
   5   1              for(i;i>0;i--)
   6   1                  for(j=100;j>0;j--);
   7   1      
   8   1      }
   9          void main(void)
  10          {
  11   1              unsigned int led[9]={0x00,0x01,0x02,0x04,0x08,0x10,0x20,0x40,0x80};
  12   1              int i;
  13   1          while(1)
  14   1              {
  15   2                      /*P0 = 0x00;
  16   2                      delay(1000);
  17   2                      P0 = 0x00;
  18   2                      delay(1000);*/
  19   2                      for(i=0;i<9;i++)
  20   2                      {
  21   3                              P0=led[i];
  22   3                              delay(1000);
  23   3                      }
  24   2              }
  25   1      }


MODULE INFORMATION:   STATIC OVERLAYABLE
   CODE SIZE        =     73    ----
   CONSTANT SIZE    =     18    ----
   XDATA SIZE       =   ----    ----
   PDATA SIZE       =   ----    ----
   DATA SIZE        =   ----      18
   IDATA SIZE       =   ----    ----
   BIT SIZE         =   ----    ----
END OF MODULE INFORMATION.


C51 COMPILATION COMPLETE.  0 WARNING(S),  0 ERROR(S)
