C51 COMPILER V9.01   MAIN                                                                  12/05/2015 01:29:12 PAGE 1   


C51 COMPILER V9.01, COMPILATION OF MODULE MAIN
OBJECT MODULE PLACED IN main.OBJ
COMPILER INVOKED BY: D:\keil\C51\BIN\C51.EXE main.c BROWSE DEBUG OBJECTEXTEND

line level    source

   1          #include<reg51.h>
   2          unsigned char code TAB[8]  = {0x7f,0xbf,0xdf,0xef,0xf7,0xfb,0xfd,0xfe};
   3          unsigned char code CHARCODE[8]={0x18,0x24,0x42,0x81,0x81,0x42,0x24,0x18};
   4          void main()
   5          {       unsigned char a;
   6   1              while(1)
   7   1              {
   8   2                  for(a=0;a<8;a++)
   9   2                      {
  10   3                              P2=0xff;
  11   3                              P0=CHARCODE[a];
  12   3                              P2=TAB[a];
  13   3                      } 
  14   2              }
  15   1      }


MODULE INFORMATION:   STATIC OVERLAYABLE
   CODE SIZE        =     25    ----
   CONSTANT SIZE    =     16    ----
   XDATA SIZE       =   ----    ----
   PDATA SIZE       =   ----    ----
   DATA SIZE        =   ----    ----
   IDATA SIZE       =   ----    ----
   BIT SIZE         =   ----    ----
END OF MODULE INFORMATION.


C51 COMPILATION COMPLETE.  0 WARNING(S),  0 ERROR(S)
