C51 COMPILER V9.01   MAIN                                                                  05/23/2017 16:36:03 PAGE 1   


C51 COMPILER V9.01, COMPILATION OF MODULE MAIN
OBJECT MODULE PLACED IN main.OBJ
COMPILER INVOKED BY: D:\keil\C51\BIN\C51.EXE main.c BROWSE DEBUG OBJECTEXTEND

line level    source

   1          #include<reg51.h>
   2          #define uchar unsigned char
   3          #define uint unsigned int
   4          //uchar code weima[]={0x7f,0xbf,0xdf,0xef,0xf7,0xfb,0xfd,0xfe};
   5          uchar code weima[]={0xfe,0xfd,0xfb,0xf7,0xef,0xdf,0xbf,0x7f};
   6          uchar code duanma[]={0x3f,0x06,0x5b,0x4f,
   7                  0x66,0x6d,0x7d,0x07,
   8                  0x7f,0x6f,0x77,0x7c,
   9                  0x39,0x5e,0x79,0x71};
  10          
  11          void delay(uint time){
  12   1              uint i;
  13   1              for(time;time>0;time--)
  14   1                      for(i=110;i>0;i--);     
  15   1      }
  16          
  17          void main(){
  18   1              uchar num;
  19   1              while(1){
  20   2                      if(num>7)num=0;
  21   2                      P0=weima[num];
  22   2                      P1=duanma[num];
  23   2                      delay(1);
  24   2                      num++;
  25   2              }
  26   1      }


MODULE INFORMATION:   STATIC OVERLAYABLE
   CODE SIZE        =     62    ----
   CONSTANT SIZE    =     24    ----
   XDATA SIZE       =   ----    ----
   PDATA SIZE       =   ----    ----
   DATA SIZE        =   ----    ----
   IDATA SIZE       =   ----    ----
   BIT SIZE         =   ----    ----
END OF MODULE INFORMATION.


C51 COMPILATION COMPLETE.  0 WARNING(S),  0 ERROR(S)
